app/build/intermediates/manifest_merge_blame_file/debug/manifest-merger-blame-debug-report.txt
1<?xml version="1.0" encoding="utf-8"?>
2<!--
3 Copyright (C) 2007 The Android Open Source Project
4
5     Licensed under the Apache License, Version 2.0 (the "License");
6     you may not use this file except in compliance with the License.
7     You may obtain a copy of the License at
8
9          http://www.apache.org/licenses/LICENSE-2.0
10
11     Unless required by applicable law or agreed to in writing, software
12     distributed under the License is distributed on an "AS IS" BASIS,
13     WITHOUT WARRANTIES OR CONDITIONS OF ANY KIND, either express or implied.
14     See the License for the specific language governing permissions and
15     limitations under the License.
16-->
17<!--
18 Declare the contents of this Android application.  The namespace
19     attribute brings in the Android platform namespace, and the package
20     supplies a unique name for the application.  When writing your
21     own application, the package name must be changed from "com.example.*"
22     to come from a domain that you own or have control over.
23-->
24<manifest xmlns:android="http://schemas.android.com/apk/res/android"
25    package="com.example.android.notepad" >
26
27    <uses-sdk
27-->src\main\AndroidManifest.xml:25:5-44
28        android:minSdkVersion="21"
28-->src\main\AndroidManifest.xml:25:15-41
29        android:targetSdkVersion="33" />
29-->src\main\AndroidManifest.xml:25:5-44
30    <!-- 在SD卡中创建与删除文件权限 -->
31    <uses-permission android:name="android.permission.MOUNT_UNMOUNT_FILESYSTEMS" />
31-->src\main\AndroidManifest.xml:130:5-131:47
31-->src\main\AndroidManifest.xml:130:22-81
32    <!-- 向SD卡写入数据权限 -->
33    <uses-permission android:name="android.permission.WRITE_EXTERNAL_STORAGE" />
33-->src\main\AndroidManifest.xml:133:5-80
33-->src\main\AndroidManifest.xml:133:22-78
34
35    <application
35-->src\main\AndroidManifest.xml:26:5-128:19
36        android:debuggable="true"
37        android:icon="@drawable/app_notes"
37-->src\main\AndroidManifest.xml:26:18-52
38        android:label="@string/app_name"
38-->src\main\AndroidManifest.xml:27:9-41
39        android:testOnly="true" >
40        <provider
40-->src\main\AndroidManifest.xml:29:9-33:20
41            android:name="com.example.android.notepad.NotePadProvider"
41-->src\main\AndroidManifest.xml:29:19-49
42            android:authorities="com.google.provider.NotePad"
42-->src\main\AndroidManifest.xml:30:13-62
43            android:exported="false" >
43-->src\main\AndroidManifest.xml:31:13-37
44            <grant-uri-permission android:pathPattern=".*" />
44-->src\main\AndroidManifest.xml:32:13-62
44-->src\main\AndroidManifest.xml:32:35-59
45        </provider>
46
47        <activity
47-->src\main\AndroidManifest.xml:35:9-54:20
48            android:name="com.example.android.notepad.NotesList"
48-->src\main\AndroidManifest.xml:35:19-43
49            android:exported="true"
49-->src\main\AndroidManifest.xml:36:13-36
50            android:label="@string/title_notes_list" >
50-->src\main\AndroidManifest.xml:35:44-84
51            <intent-filter>
51-->src\main\AndroidManifest.xml:37:13-40:29
52                <action android:name="android.intent.action.MAIN" />
52-->src\main\AndroidManifest.xml:38:17-69
52-->src\main\AndroidManifest.xml:38:25-66
53
54                <category android:name="android.intent.category.LAUNCHER" />
54-->src\main\AndroidManifest.xml:39:17-77
54-->src\main\AndroidManifest.xml:39:27-74
55            </intent-filter>
56            <intent-filter android:scheme="http" >
56-->src\main\AndroidManifest.xml:41:13-48:29
56-->src\main\AndroidManifest.xml:41:28-49
57                <action android:name="android.intent.action.VIEW" />
57-->src\main\AndroidManifest.xml:43:17-69
57-->src\main\AndroidManifest.xml:43:25-66
58                <action android:name="android.intent.action.EDIT" />
58-->src\main\AndroidManifest.xml:44:17-69
58-->src\main\AndroidManifest.xml:44:25-66
59                <action android:name="android.intent.action.PICK" />
59-->src\main\AndroidManifest.xml:45:17-69
59-->src\main\AndroidManifest.xml:45:25-66
60
61                <category android:name="android.intent.category.DEFAULT" />
61-->src\main\AndroidManifest.xml:46:17-76
61-->src\main\AndroidManifest.xml:46:27-73
62
63                <data android:mimeType="vnd.android.cursor.dir/vnd.google.note" />
63-->src\main\AndroidManifest.xml:47:17-83
63-->src\main\AndroidManifest.xml:47:23-80
64            </intent-filter>
65            <intent-filter>
65-->src\main\AndroidManifest.xml:49:13-53:29
66                <action android:name="android.intent.action.GET_CONTENT" />
66-->src\main\AndroidManifest.xml:50:17-76
66-->src\main\AndroidManifest.xml:50:25-73
67
68                <category android:name="android.intent.category.DEFAULT" />
68-->src\main\AndroidManifest.xml:46:17-76
68-->src\main\AndroidManifest.xml:46:27-73
69
70                <data android:mimeType="vnd.android.cursor.item/vnd.google.note" />
70-->src\main\AndroidManifest.xml:47:17-83
70-->src\main\AndroidManifest.xml:47:23-80
71            </intent-filter>
72        </activity>
73        <activity
73-->src\main\AndroidManifest.xml:56:9-84:20
74            android:name="com.example.android.notepad.NoteEditor"
74-->src\main\AndroidManifest.xml:56:19-44
75            android:configChanges="keyboardHidden|orientation"
75-->src\main\AndroidManifest.xml:59:13-63
76            android:exported="true"
76-->src\main\AndroidManifest.xml:60:13-36
77            android:screenOrientation="sensor"
77-->src\main\AndroidManifest.xml:58:13-47
78            android:theme="@android:style/Theme.Holo.Light" >
78-->src\main\AndroidManifest.xml:57:13-60
79
80            <!--
81                 This filter says that we can view or edit the data of
82                 a single note
83            -->
84            <intent-filter
84-->src\main\AndroidManifest.xml:63:13-71:29
85                android:label="@string/resolve_edit"
85-->src\main\AndroidManifest.xml:63:28-64
86                android:scheme="http" >
86-->src\main\AndroidManifest.xml:64:17-38
87                <action android:name="android.intent.action.VIEW" />
87-->src\main\AndroidManifest.xml:43:17-69
87-->src\main\AndroidManifest.xml:43:25-66
88                <action android:name="android.intent.action.EDIT" />
88-->src\main\AndroidManifest.xml:44:17-69
88-->src\main\AndroidManifest.xml:44:25-66
89                <action android:name="com.android.notepad.action.EDIT_NOTE" />
89-->src\main\AndroidManifest.xml:68:17-79
89-->src\main\AndroidManifest.xml:68:25-76
90
91                <category android:name="android.intent.category.DEFAULT" />
91-->src\main\AndroidManifest.xml:46:17-76
91-->src\main\AndroidManifest.xml:46:27-73
92
93                <data android:mimeType="vnd.android.cursor.item/vnd.google.note" />
93-->src\main\AndroidManifest.xml:47:17-83
93-->src\main\AndroidManifest.xml:47:23-80
94            </intent-filter>
95
96            <!--
97                 This filter says that we can create a new note inside
98                 of a directory of notes.  The INSERT action creates an
99                 empty note; the PASTE action initializes a new note from
100                 the current contents of the clipboard.
101            -->
102            <intent-filter>
102-->src\main\AndroidManifest.xml:77:13-82:29
103                <action android:name="android.intent.action.INSERT" />
103-->src\main\AndroidManifest.xml:78:17-71
103-->src\main\AndroidManifest.xml:78:25-68
104                <action android:name="android.intent.action.PASTE" />
104-->src\main\AndroidManifest.xml:79:17-70
104-->src\main\AndroidManifest.xml:79:25-67
105
106                <category android:name="android.intent.category.DEFAULT" />
106-->src\main\AndroidManifest.xml:46:17-76
106-->src\main\AndroidManifest.xml:46:27-73
107
108                <data android:mimeType="vnd.android.cursor.dir/vnd.google.note" />
108-->src\main\AndroidManifest.xml:47:17-83
108-->src\main\AndroidManifest.xml:47:23-80
109            </intent-filter>
110        </activity>
111        <activity
111-->src\main\AndroidManifest.xml:86:9-112:20
112            android:name="com.example.android.notepad.TitleEditor"
112-->src\main\AndroidManifest.xml:86:19-45
113            android:exported="true"
113-->src\main\AndroidManifest.xml:91:13-36
114            android:icon="@drawable/ic_menu_edit"
114-->src\main\AndroidManifest.xml:88:13-50
115            android:label="@string/title_edit_title"
115-->src\main\AndroidManifest.xml:87:13-53
116            android:theme="@android:style/Theme.Holo.Dialog"
116-->src\main\AndroidManifest.xml:89:13-61
117            android:windowSoftInputMode="stateVisible" >
117-->src\main\AndroidManifest.xml:90:13-55
118
119            <!--
120                 This activity implements an alternative action that can be
121                 performed on notes: editing their title.  It can be used as
122                 a default operation if the user invokes this action, and is
123                 available as an alternative action for any note data.
124            -->
125            <intent-filter android:label="@string/resolve_title" >
125-->src\main\AndroidManifest.xml:96:13-111:29
125-->src\main\AndroidManifest.xml:96:28-65
126
127                <!--
128                     This is the action we perform.  It is a custom action we
129                     define for our application, not a generic VIEW or EDIT
130                     action since we are not a general note viewer/editor.
131                -->
132                <action android:name="com.android.notepad.action.EDIT_TITLE" />
132-->src\main\AndroidManifest.xml:100:17-80
132-->src\main\AndroidManifest.xml:100:25-77
133                <!-- DEFAULT: execute if being directly invoked. -->
134                <category android:name="android.intent.category.DEFAULT" />
134-->src\main\AndroidManifest.xml:46:17-76
134-->src\main\AndroidManifest.xml:46:27-73
135                <!--
136                     ALTERNATIVE: show as an alternative action when the user is
137                     working with this type of data.
138                -->
139                <category android:name="android.intent.category.ALTERNATIVE" />
139-->src\main\AndroidManifest.xml:105:17-80
139-->src\main\AndroidManifest.xml:105:27-77
140                <!--
141                     SELECTED_ALTERNATIVE: show as an alternative action the user
142                     can perform when selecting this type of data.
143                -->
144                <category android:name="android.intent.category.SELECTED_ALTERNATIVE" />
144-->src\main\AndroidManifest.xml:108:17-89
144-->src\main\AndroidManifest.xml:108:27-86
145                <!-- This is the data type we operate on. -->
146                <data android:mimeType="vnd.android.cursor.item/vnd.google.note" />
146-->src\main\AndroidManifest.xml:47:17-83
146-->src\main\AndroidManifest.xml:47:23-80
147            </intent-filter>
148        </activity>
149        <activity
149-->src\main\AndroidManifest.xml:114:9-121:20
150            android:name="com.example.android.notepad.NotesLiveFolder"
150-->src\main\AndroidManifest.xml:114:19-49
151            android:exported="true"
151-->src\main\AndroidManifest.xml:116:13-36
152            android:icon="@drawable/live_folder_notes"
152-->src\main\AndroidManifest.xml:115:13-55
153            android:label="@string/live_folder_name" >
153-->src\main\AndroidManifest.xml:114:50-90
154            <intent-filter>
154-->src\main\AndroidManifest.xml:117:13-120:29
155                <action android:name="android.intent.action.CREATE_LIVE_FOLDER" />
155-->src\main\AndroidManifest.xml:118:17-83
155-->src\main\AndroidManifest.xml:118:25-80
156
157                <category android:name="android.intent.category.DEFAULT" />
157-->src\main\AndroidManifest.xml:46:17-76
157-->src\main\AndroidManifest.xml:46:27-73
158            </intent-filter>
159        </activity>
160        <activity
160-->src\main\AndroidManifest.xml:122:9-84
161            android:name="com.example.android.notepad.NoteSearch"
161-->src\main\AndroidManifest.xml:122:19-45
162            android:label="@string/search_note" />
162-->src\main\AndroidManifest.xml:122:46-81
163        <activity
163-->src\main\AndroidManifest.xml:123:9-127:20
164            android:name="com.example.android.notepad.OutputText"
164-->src\main\AndroidManifest.xml:123:19-45
165            android:label="@string/output_name"
165-->src\main\AndroidManifest.xml:124:13-48
166            android:theme="@android:style/Theme.Holo.Dialog"
166-->src\main\AndroidManifest.xml:125:13-61
167            android:windowSoftInputMode="stateVisible" >
167-->src\main\AndroidManifest.xml:126:13-55
168        </activity>
169    </application>
170
171</manifest>